<?xml version="1.0" encoding="UTF-8"?>
<testsuite name="ru.stqa.pft.addressbook.tests.ContactCreationTests" tests="3" skipped="0" failures="0" errors="0" timestamp="2019-02-14T21:33:43" hostname="WWW-PC" time="19.872">
  <properties/>
  <testcase name="testContactCreation[0](ContactData{id=0, firstname='Nick 0', lastname='Simpson 0'})" classname="ru.stqa.pft.addressbook.tests.ContactCreationTests" time="7.899"/>
  <testcase name="testContactCreation[1](ContactData{id=0, firstname='Nick 1', lastname='Simpson 1'})" classname="ru.stqa.pft.addressbook.tests.ContactCreationTests" time="6.322"/>
  <testcase name="testContactCreation[2](ContactData{id=0, firstname='Nick 2', lastname='Simpson 2'})" classname="ru.stqa.pft.addressbook.tests.ContactCreationTests" time="5.648"/>
  <system-out><![CDATA[]]></system-out>
  <system-err><![CDATA[]]></system-err>
</testsuite>
